0 info it worked if it ends with ok
1 verbose cli [ 'node',
1 verbose cli   '/usr/local/bin/npm',
1 verbose cli   'install',
1 verbose cli   '--save',
1 verbose cli   'react-fontawesome' ]
2 info using npm@2.11.3
3 info using node@v0.12.7
4 verbose install initial load of /Users/anna/Documents/programming/HTML+CSS/Websites/gMK8Flux/package.json
5 verbose installManyTop reading scoped package data from /Users/anna/Documents/programming/HTML+CSS/Websites/gMK8Flux/node_modules/browserify/package.json
6 verbose installManyTop reading scoped package data from /Users/anna/Documents/programming/HTML+CSS/Websites/gMK8Flux/node_modules/flux/package.json
7 verbose installManyTop reading scoped package data from /Users/anna/Documents/programming/HTML+CSS/Websites/gMK8Flux/node_modules/gulp/package.json
8 verbose installManyTop reading scoped package data from /Users/anna/Documents/programming/HTML+CSS/Websites/gMK8Flux/node_modules/gulp-connect/package.json
9 verbose installManyTop reading scoped package data from /Users/anna/Documents/programming/HTML+CSS/Websites/gMK8Flux/node_modules/moment/package.json
10 verbose installManyTop reading scoped package data from /Users/anna/Documents/programming/HTML+CSS/Websites/gMK8Flux/node_modules/react/package.json
11 verbose installManyTop reading scoped package data from /Users/anna/Documents/programming/HTML+CSS/Websites/gMK8Flux/node_modules/react-contenteditable/package.json
12 verbose installManyTop reading scoped package data from /Users/anna/Documents/programming/HTML+CSS/Websites/gMK8Flux/node_modules/react-fontawesome/package.json
13 verbose installManyTop reading scoped package data from /Users/anna/Documents/programming/HTML+CSS/Websites/gMK8Flux/node_modules/reactify/package.json
14 verbose installManyTop reading scoped package data from /Users/anna/Documents/programming/HTML+CSS/Websites/gMK8Flux/node_modules/vinyl-source-stream/package.json
15 info package.json react@0.11.2 No license field.
16 info package.json react-contenteditable@0.0.2 license should be a valid SPDX license expression
17 verbose readDependencies loading dependencies from /Users/anna/Documents/programming/HTML+CSS/Websites/gMK8Flux/package.json
18 verbose install react-fontawesome is installed as 0.3.2
19 silly cache add args [ 'react-fontawesome', null ]
20 verbose cache add spec react-fontawesome
21 silly cache add parsed spec { raw: 'react-fontawesome',
21 silly cache add   scope: null,
21 silly cache add   name: 'react-fontawesome',
21 silly cache add   rawSpec: '',
21 silly cache add   spec: '*',
21 silly cache add   type: 'range' }
22 silly addNamed react-fontawesome@*
23 verbose addNamed "*" is a valid semver range for react-fontawesome
24 silly addNameRange { name: 'react-fontawesome', range: '*', hasData: false }
25 silly mapToRegistry name react-fontawesome
26 silly mapToRegistry using default registry
27 silly mapToRegistry registry https://registry.npmjs.org/
28 silly mapToRegistry uri https://registry.npmjs.org/react-fontawesome
29 verbose addNameRange registry:https://registry.npmjs.org/react-fontawesome not in flight; fetching
30 verbose request uri https://registry.npmjs.org/react-fontawesome
31 verbose request no auth needed
32 info attempt registry request try #1 at 5:40:08 PM
33 verbose request id 247627cc17ae0589
34 verbose etag "B4G5PIZZAJZZ8WRWBJUB2D39H"
35 http request GET https://registry.npmjs.org/react-fontawesome
36 http 304 https://registry.npmjs.org/react-fontawesome
37 silly get cb [ 304,
37 silly get   { date: 'Thu, 10 Sep 2015 00:40:09 GMT',
37 silly get     via: '1.1 varnish',
37 silly get     'cache-control': 'max-age=60',
37 silly get     etag: '"B4G5PIZZAJZZ8WRWBJUB2D39H"',
37 silly get     age: '0',
37 silly get     connection: 'keep-alive',
37 silly get     'x-served-by': 'cache-lax1431-LAX',
37 silly get     'x-cache': 'HIT',
37 silly get     'x-cache-hits': '1',
37 silly get     'x-timer': 'S1441845609.185990,VS0,VE50',
37 silly get     vary: 'Accept' } ]
38 verbose etag https://registry.npmjs.org/react-fontawesome from cache
39 verbose get saving react-fontawesome to /Users/anna/.npm/registry.npmjs.org/react-fontawesome/.cache.json
40 silly addNameRange number 2 { name: 'react-fontawesome', range: '*', hasData: true }
41 silly addNameRange versions [ 'react-fontawesome',
41 silly addNameRange   [ '0.0.1',
41 silly addNameRange     '0.0.2',
41 silly addNameRange     '0.0.3',
41 silly addNameRange     '0.1.0',
41 silly addNameRange     '0.2.0',
41 silly addNameRange     '0.2.1',
41 silly addNameRange     '0.2.3',
41 silly addNameRange     '0.2.4',
41 silly addNameRange     '0.2.5',
41 silly addNameRange     '0.3.2' ] ]
42 silly addNamed react-fontawesome@0.3.2
43 verbose addNamed "0.3.2" is a plain semver version for react-fontawesome
44 silly cache afterAdd react-fontawesome@0.3.2
45 verbose afterAdd /Users/anna/.npm/react-fontawesome/0.3.2/package/package.json not in flight; writing
46 verbose afterAdd /Users/anna/.npm/react-fontawesome/0.3.2/package/package.json written
47 silly install resolved [ { name: 'react-fontawesome',
47 silly install resolved     version: '0.3.2',
47 silly install resolved     description: 'A React component for the font-awesome icon library.',
47 silly install resolved     repository:
47 silly install resolved      { type: 'git',
47 silly install resolved        url: 'git+https://github.com/danawoodman/react-fontawesome.git' },
47 silly install resolved     config: { entry: 'src/index.js' },
47 silly install resolved     bugs: { url: 'https://github.com/danawoodman/react-fontawesome/issues' },
47 silly install resolved     main: 'lib/index.js',
47 silly install resolved     scripts:
47 silly install resolved      { build: 'babel -o $npm_package_main $npm_package_config_entry',
47 silly install resolved        dist: 'npm run lint && npm run build && npm test && npm run docs',
47 silly install resolved        docs: 'jsdoc2md $npm_package_config_entry > api.md',
47 silly install resolved        lint: 'eslint .',
47 silly install resolved        prepublish: 'npm run dist',
47 silly install resolved        test: 'mocha',
47 silly install resolved        watch: 'npm run watch-build & npm run watch-test',
47 silly install resolved        'watch-build': 'npm run build -- --watch',
47 silly install resolved        'watch-test': 'npm run test -- -w' },
47 silly install resolved     keywords:
47 silly install resolved      [ 'react',
47 silly install resolved        'font-awesome',
47 silly install resolved        'fontawesome',
47 silly install resolved        'bootstrap',
47 silly install resolved        'icons',
47 silly install resolved        'fonts',
47 silly install resolved        'icon',
47 silly install resolved        'danawoodman',
47 silly install resolved        'big',
47 silly install resolved        'style',
47 silly install resolved        'jsx',
47 silly install resolved        'react-component',
47 silly install resolved        'component' ],
47 silly install resolved     author:
47 silly install resolved      { name: 'Dana Woodman',
47 silly install resolved        email: 'dana@danawoodman.com',
47 silly install resolved        url: 'danawoodman.com' },
47 silly install resolved     license: 'MIT',
47 silly install resolved     devDependencies:
47 silly install resolved      { babel: '^5.8.23',
47 silly install resolved        chai: '^3.2.0',
47 silly install resolved        eslint: '^1.2.1',
47 silly install resolved        'eslint-plugin-nodeca': '^1.0.3',
47 silly install resolved        'eslint-plugin-react': '^3.3.0',
47 silly install resolved        'jsdoc-to-markdown': '^1.1.1',
47 silly install resolved        jsdom: '^6.2.0',
47 silly install resolved        mocha: '^2.2.5',
47 silly install resolved        'mocha-jsdom': '^1.0.0',
47 silly install resolved        'mocha-sinon': '^1.1.4',
47 silly install resolved        sinon: '^1.16.1',
47 silly install resolved        'sinon-chai': '^2.8.0' },
47 silly install resolved     homepage: 'https://github.com/danawoodman/react-fontawesome#readme',
47 silly install resolved     engines: { node: '>=0.10.0' },
47 silly install resolved     dependencies: {},
47 silly install resolved     peerDependencies: { react: '>=0.12.0' },
47 silly install resolved     gitHead: '88313301968c5ec652ae9933978bd3cea4c16afb',
47 silly install resolved     _id: 'react-fontawesome@0.3.2',
47 silly install resolved     _shasum: '7c0cd28b8bdd2a1a2190dfe30c461ea1ade4850a',
47 silly install resolved     _from: 'react-fontawesome@*',
47 silly install resolved     _npmVersion: '2.13.3',
47 silly install resolved     _nodeVersion: '3.0.0',
47 silly install resolved     _npmUser: { name: 'danawoodman', email: 'dana@danawoodman.com' },
47 silly install resolved     maintainers: [ [Object] ],
47 silly install resolved     dist:
47 silly install resolved      { shasum: '7c0cd28b8bdd2a1a2190dfe30c461ea1ade4850a',
47 silly install resolved        tarball: 'http://registry.npmjs.org/react-fontawesome/-/react-fontawesome-0.3.2.tgz' },
47 silly install resolved     directories: {},
47 silly install resolved     _resolved: 'https://registry.npmjs.org/react-fontawesome/-/react-fontawesome-0.3.2.tgz',
47 silly install resolved     readme: 'ERROR: No README data found!' } ]
48 info install react-fontawesome@0.3.2 into /Users/anna/Documents/programming/HTML+CSS/Websites/gMK8Flux
49 info installOne react-fontawesome@0.3.2
50 verbose installOne of react-fontawesome to /Users/anna/Documents/programming/HTML+CSS/Websites/gMK8Flux not in flight; installing
51 verbose lock using /Users/anna/.npm/_locks/react-fontawesome-9b8fc78325569ace.lock for /Users/anna/Documents/programming/HTML+CSS/Websites/gMK8Flux/node_modules/react-fontawesome
52 silly install write writing react-fontawesome 0.3.2 to /Users/anna/Documents/programming/HTML+CSS/Websites/gMK8Flux/node_modules/react-fontawesome
53 verbose unbuild node_modules/react-fontawesome
54 info preuninstall react-fontawesome@0.3.2
55 info uninstall react-fontawesome@0.3.2
56 verbose unbuild rmStuff react-fontawesome@0.3.2 from /Users/anna/Documents/programming/HTML+CSS/Websites/gMK8Flux/node_modules
57 info postuninstall react-fontawesome@0.3.2
58 silly gentlyRm /Users/anna/Documents/programming/HTML+CSS/Websites/gMK8Flux/node_modules/react-fontawesome is being purged from base /Users/anna/Documents/programming/HTML+CSS/Websites/gMK8Flux
59 verbose gentlyRm don't care about contents; nuking /Users/anna/Documents/programming/HTML+CSS/Websites/gMK8Flux/node_modules/react-fontawesome
60 silly vacuum-fs purging /Users/anna/Documents/programming/HTML+CSS/Websites/gMK8Flux/node_modules/react-fontawesome
61 silly vacuum-fs quitting because other entries in /Users/anna/Documents/programming/HTML+CSS/Websites/gMK8Flux/node_modules
62 verbose tar unpack /Users/anna/.npm/react-fontawesome/0.3.2/package.tgz
63 verbose tar unpacking to /Users/anna/Documents/programming/HTML+CSS/Websites/gMK8Flux/node_modules/react-fontawesome
64 silly gentlyRm /Users/anna/Documents/programming/HTML+CSS/Websites/gMK8Flux/node_modules/react-fontawesome is being purged
65 verbose gentlyRm don't care about contents; nuking /Users/anna/Documents/programming/HTML+CSS/Websites/gMK8Flux/node_modules/react-fontawesome
66 silly gunzTarPerm modes [ '755', '644' ]
67 silly gunzTarPerm extractEntry package.json
68 silly gunzTarPerm extractEntry .npmignore
69 silly gunzTarPerm extractEntry api.md
70 silly gunzTarPerm extractEntry .eslintrc
71 silly gunzTarPerm extractEntry .nvmrc
72 silly gunzTarPerm extractEntry .travis.yml
73 silly gunzTarPerm extractEntry .yo-rc.json
74 silly gunzTarPerm extractEntry .editorconfig
75 silly gunzTarPerm extractEntry changelog.md
76 silly gunzTarPerm extractEntry lib/index.js
77 silly gunzTarPerm extractEntry license
78 silly gunzTarPerm extractEntry .eslintignore
79 silly gunzTarPerm extractEntry readme.md
80 silly gunzTarPerm extractEntry test/helper.js
81 silly gunzTarPerm extractEntry test/index-test.js
82 silly gunzTarPerm extractEntry test/mocha.opts
83 verbose write writing to /Users/anna/Documents/programming/HTML+CSS/Websites/gMK8Flux/node_modules/react-fontawesome/package.json
84 info preinstall react-fontawesome@0.3.2
85 verbose readDependencies loading dependencies from /Users/anna/Documents/programming/HTML+CSS/Websites/gMK8Flux/node_modules/react-fontawesome/package.json
86 silly prepareForInstallMany adding react@>=0.12.0 from react-fontawesome peerDependencies
87 warn peerDependencies The peer dependency react@>=0.12.0 included from react-fontawesome will no
88 warn peerDependencies longer be automatically installed to fulfill the peerDependency
89 warn peerDependencies in npm 3+. Your application will need to depend on it explicitly.
90 verbose readDependencies loading dependencies from /Users/anna/Documents/programming/HTML+CSS/Websites/gMK8Flux/node_modules/react-fontawesome/package.json
91 silly install resolved []
92 verbose about to build /Users/anna/Documents/programming/HTML+CSS/Websites/gMK8Flux/node_modules/react-fontawesome
93 info build /Users/anna/Documents/programming/HTML+CSS/Websites/gMK8Flux/node_modules/react-fontawesome
94 info linkStuff react-fontawesome@0.3.2
95 silly linkStuff react-fontawesome@0.3.2 has /Users/anna/Documents/programming/HTML+CSS/Websites/gMK8Flux/node_modules as its parent node_modules
96 verbose linkBins react-fontawesome@0.3.2
97 verbose linkMans react-fontawesome@0.3.2
98 verbose rebuildBundles react-fontawesome@0.3.2
99 info install react-fontawesome@0.3.2
100 info postinstall react-fontawesome@0.3.2
101 verbose readDependencies loading dependencies from /Users/anna/Documents/programming/HTML+CSS/Websites/gMK8Flux/package.json
102 verbose targetResolver reading package data from /Users/anna/Documents/programming/HTML+CSS/Websites/gMK8Flux/node_modules/browserify/package.json
103 verbose targetResolver reading package data from /Users/anna/Documents/programming/HTML+CSS/Websites/gMK8Flux/node_modules/flux/package.json
104 verbose targetResolver reading package data from /Users/anna/Documents/programming/HTML+CSS/Websites/gMK8Flux/node_modules/gulp/package.json
105 verbose targetResolver reading package data from /Users/anna/Documents/programming/HTML+CSS/Websites/gMK8Flux/node_modules/gulp-connect/package.json
106 verbose targetResolver reading package data from /Users/anna/Documents/programming/HTML+CSS/Websites/gMK8Flux/node_modules/moment/package.json
107 verbose targetResolver reading package data from /Users/anna/Documents/programming/HTML+CSS/Websites/gMK8Flux/node_modules/react/package.json
108 verbose targetResolver reading package data from /Users/anna/Documents/programming/HTML+CSS/Websites/gMK8Flux/node_modules/react-contenteditable/package.json
109 verbose targetResolver reading package data from /Users/anna/Documents/programming/HTML+CSS/Websites/gMK8Flux/node_modules/react-fontawesome/package.json
110 verbose targetResolver reading package data from /Users/anna/Documents/programming/HTML+CSS/Websites/gMK8Flux/node_modules/reactify/package.json
111 verbose targetResolver reading package data from /Users/anna/Documents/programming/HTML+CSS/Websites/gMK8Flux/node_modules/vinyl-source-stream/package.json
112 verbose targetResolver reading package data from /Users/anna/Documents/programming/HTML+CSS/Websites/gMK8Flux/node_modules/.bin/browserify/package.json
113 verbose targetResolver reading package data from /Users/anna/Documents/programming/HTML+CSS/Websites/gMK8Flux/node_modules/.bin/gulp/package.json
114 verbose already installed skipping react@>=0.12.0 /Users/anna/Documents/programming/HTML+CSS/Websites/gMK8Flux
115 silly install resolved []
116 verbose unlock done using /Users/anna/.npm/_locks/react-fontawesome-9b8fc78325569ace.lock for /Users/anna/Documents/programming/HTML+CSS/Websites/gMK8Flux/node_modules/react-fontawesome
117 verbose validateInstall loading /Users/anna/Documents/programming/HTML+CSS/Websites/gMK8Flux/package.json for validation
118 verbose stack Error: The package react does not satisfy its siblings' peerDependencies requirements!
118 verbose stack     at /usr/local/lib/node_modules/npm/lib/install.js:125:32
118 verbose stack     at /usr/local/lib/node_modules/npm/lib/install.js:267:7
118 verbose stack     at /usr/local/lib/node_modules/npm/node_modules/read-installed/read-installed.js:138:5
118 verbose stack     at /usr/local/lib/node_modules/npm/node_modules/read-installed/read-installed.js:251:14
118 verbose stack     at cb (/usr/local/lib/node_modules/npm/node_modules/slide/lib/async-map.js:47:24)
118 verbose stack     at /usr/local/lib/node_modules/npm/node_modules/read-installed/read-installed.js:251:14
118 verbose stack     at cb (/usr/local/lib/node_modules/npm/node_modules/slide/lib/async-map.js:47:24)
118 verbose stack     at /usr/local/lib/node_modules/npm/node_modules/read-installed/read-installed.js:251:14
118 verbose stack     at cb (/usr/local/lib/node_modules/npm/node_modules/slide/lib/async-map.js:47:24)
118 verbose stack     at /usr/local/lib/node_modules/npm/node_modules/read-installed/read-installed.js:251:14
119 verbose cwd /Users/anna/Documents/programming/HTML+CSS/Websites/gMK8Flux
120 error Darwin 13.4.0
121 error argv "node" "/usr/local/bin/npm" "install" "--save" "react-fontawesome"
122 error node v0.12.7
123 error npm  v2.11.3
124 error code EPEERINVALID
125 error peerinvalid The package react does not satisfy its siblings' peerDependencies requirements!
125 error peerinvalid Peer react-fontawesome@0.3.2 wants react@>=0.12.0
126 verbose exit [ 1, true ]
